[To redirect Truffle log output to a file use one of the following options:
* '--log.file=<path>' if the option is passed using a guest language launcher.
* '-Dpolyglot.log.file=<path>' if the option is passed using the host Java launcher.
* Configure logging using the polyglot embedding API.]
[engine] WARNING: The polyglot context is using an implementation that does not support runtime compilation.
The guest application code will therefore be executed in interpreted mode only.
Execution only in interpreted mode will strongly impact the guest application performance.
For more information on using GraalVM see https://www.graalvm.org/java/quickstart/.
To disable this warning the '--engine.WarnInterpreterOnly=false' option or use the '-Dpolyglot.engine.WarnInterpreterOnly=false' system property.
[To redirect Truffle log output to a file use one of the following options:
* '--log.file=<path>' if the option is passed using a guest language launcher.
* '-Dpolyglot.log.file=<path>' if the option is passed using the host Java launcher.
* Configure logging using the polyglot embedding API.]
[engine] WARNING: The polyglot context is using an implementation that does not support runtime compilation.
The guest application code will therefore be executed in interpreted mode only.
Execution only in interpreted mode will strongly impact the guest application performance.
For more information on using GraalVM see https://www.graalvm.org/java/quickstart/.
To disable this warning the '--engine.WarnInterpreterOnly=false' option or use the '-Dpolyglot.engine.WarnInterpreterOnly=false' system property.
[To redirect Truffle log output to a file use one of the following options:
* '--log.file=<path>' if the option is passed using a guest language launcher.
* '-Dpolyglot.log.file=<path>' if the option is passed using the host Java launcher.
* Configure logging using the polyglot embedding API.]
[engine] WARNING: The polyglot context is using an implementation that does not support runtime compilation.
The guest application code will therefore be executed in interpreted mode only.
Execution only in interpreted mode will strongly impact the guest application performance.
For more information on using GraalVM see https://www.graalvm.org/java/quickstart/.
To disable this warning the '--engine.WarnInterpreterOnly=false' option or use the '-Dpolyglot.engine.WarnInterpreterOnly=false' system property.
[To redirect Truffle log output to a file use one of the following options:
* '--log.file=<path>' if the option is passed using a guest language launcher.
* '-Dpolyglot.log.file=<path>' if the option is passed using the host Java launcher.
* Configure logging using the polyglot embedding API.]
[engine] WARNING: The polyglot context is using an implementation that does not support runtime compilation.
The guest application code will therefore be executed in interpreted mode only.
Execution only in interpreted mode will strongly impact the guest application performance.
For more information on using GraalVM see https://www.graalvm.org/java/quickstart/.
To disable this warning the '--engine.WarnInterpreterOnly=false' option or use the '-Dpolyglot.engine.WarnInterpreterOnly=false' system property.
17:52:12.792 [main] INFO ktor.application - Autoreload is disabled because the development mode is off.
17:52:12.849 [main] INFO ktor.application - Application started in 0.064 seconds.
17:52:12.851 [main] DEBUG io.netty.util.internal.logging.InternalLoggerFactory - Using SLF4J as the default logging framework
17:52:12.870 [main] DEBUG io.netty.util.internal.PlatformDependent0 - -Dio.netty.noUnsafe: false
17:52:12.870 [main] DEBUG io.netty.util.internal.PlatformDependent0 - Java version: 18
17:52:12.871 [main] DEBUG io.netty.util.internal.PlatformDependent0 - sun.misc.Unsafe.theUnsafe: available
17:52:12.871 [main] DEBUG io.netty.util.internal.PlatformDependent0 - sun.misc.Unsafe.copyMemory: available
17:52:12.871 [main] DEBUG io.netty.util.internal.PlatformDependent0 - sun.misc.Unsafe.storeFence: available
17:52:12.871 [main] DEBUG io.netty.util.internal.PlatformDependent0 - java.nio.Buffer.address: available
17:52:12.871 [main] DEBUG io.netty.util.internal.PlatformDependent0 - direct buffer constructor: unavailable: Reflective setAccessible(true) disabled
17:52:12.871 [main] DEBUG io.netty.util.internal.PlatformDependent0 - java.nio.Bits.unaligned: available, true
17:52:12.872 [main] DEBUG io.netty.util.internal.PlatformDependent0 - jdk.internal.misc.Unsafe.allocateUninitializedArray(int): unavailable: class io.netty.util.internal.PlatformDependent0$7 cannot access class jdk.internal.misc.Unsafe (in module java.base) because module java.base does not export jdk.internal.misc to unnamed module @48f63233
17:52:12.872 [main] DEBUG io.netty.util.internal.PlatformDependent0 - java.nio.DirectByteBuffer.<init>(long, int): unavailable
17:52:12.872 [main] DEBUG io.netty.util.internal.PlatformDependent - sun.misc.Unsafe: available
17:52:12.878 [main] DEBUG io.netty.util.internal.PlatformDependent - maxDirectMemory: 8589934592 bytes (maybe)
17:52:12.878 [main] DEBUG io.netty.util.internal.PlatformDependent - -Dio.netty.tmpdir: /var/folders/1t/sbjc_qrd47nfm6ggb_qz32nr0000gn/T (java.io.tmpdir)
17:52:12.878 [main] DEBUG io.netty.util.internal.PlatformDependent - -Dio.netty.bitMode: 64 (sun.arch.data.model)
17:52:12.878 [main] DEBUG io.netty.util.internal.PlatformDependent - Platform: MacOS
17:52:12.879 [main] DEBUG io.netty.util.internal.PlatformDependent - -Dio.netty.maxDirectMemory: -1 bytes
17:52:12.879 [main] DEBUG io.netty.util.internal.PlatformDependent - -Dio.netty.uninitializedArrayAllocationThreshold: -1
17:52:12.880 [main] DEBUG io.netty.util.internal.CleanerJava9 - java.nio.ByteBuffer.cleaner(): available
17:52:12.880 [main] DEBUG io.netty.util.internal.PlatformDependent - -Dio.netty.noPreferDirect: false
17:52:12.881 [main] DEBUG io.netty.util.internal.NativeLibraryLoader - -Dio.netty.native.workdir: /var/folders/1t/sbjc_qrd47nfm6ggb_qz32nr0000gn/T (io.netty.tmpdir)
17:52:12.881 [main] DEBUG io.netty.util.internal.NativeLibraryLoader - -Dio.netty.native.deleteLibAfterLoading: true
17:52:12.881 [main] DEBUG io.netty.util.internal.NativeLibraryLoader - -Dio.netty.native.tryPatchShadedId: true
17:52:12.881 [main] DEBUG io.netty.util.internal.NativeLibraryLoader - -Dio.netty.native.detectNativeLibraryDuplicates: true
17:52:12.913 [main] DEBUG io.netty.channel.MultithreadEventLoopGroup - -Dio.netty.eventLoopThreads: 20
17:52:12.916 [main] DEBUG io.netty.util.internal.InternalThreadLocalMap - -Dio.netty.threadLocalMap.stringBuilder.initialSize: 1024
17:52:12.916 [main] DEBUG io.netty.util.internal.InternalThreadLocalMap - -Dio.netty.threadLocalMap.stringBuilder.maxSize: 4096
17:52:12.917 [main] DEBUG io.netty.channel.nio.NioEventLoop - -Dio.netty.noKeySetOptimization: false
17:52:12.917 [main] DEBUG io.netty.channel.nio.NioEventLoop - -Dio.netty.selectorAutoRebuildThreshold: 512
17:52:12.919 [main] DEBUG io.netty.util.internal.PlatformDependent - org.jctools-core.MpscChunkedArrayQueue: available
17:52:12.932 [main] DEBUG io.netty.channel.DefaultChannelId - -Dio.netty.processId: 38467 (auto-detected)
17:52:12.933 [main] DEBUG io.netty.util.NetUtil - -Djava.net.preferIPv4Stack: false
17:52:12.933 [main] DEBUG io.netty.util.NetUtil - -Djava.net.preferIPv6Addresses: false
17:52:12.935 [main] DEBUG io.netty.util.NetUtilInitializations - Loopback interface: lo0 (lo0, 0:0:0:0:0:0:0:1%lo0)
17:52:12.935 [main] DEBUG io.netty.util.NetUtil - Failed to get SOMAXCONN from sysctl and file /proc/sys/net/core/somaxconn. Default: 128
17:52:12.936 [main] DEBUG io.netty.channel.DefaultChannelId - -Dio.netty.machineId: f8:4d:89:ff:fe:62:f8:ca (auto-detected)
17:52:12.939 [main] DEBUG io.netty.util.ResourceLeakDetector - -Dio.netty.leakDetection.level: simple
17:52:12.939 [main] DEBUG io.netty.util.ResourceLeakDetector - -Dio.netty.leakDetection.targetRecords: 4
17:52:12.947 [main] DEBUG io.netty.buffer.PooledByteBufAllocator - -Dio.netty.allocator.numHeapArenas: 20
17:52:12.947 [main] DEBUG io.netty.buffer.PooledByteBufAllocator - -Dio.netty.allocator.numDirectArenas: 20
17:52:12.947 [main] DEBUG io.netty.buffer.PooledByteBufAllocator - -Dio.netty.allocator.pageSize: 8192
17:52:12.947 [main] DEBUG io.netty.buffer.PooledByteBufAllocator - -Dio.netty.allocator.maxOrder: 9
17:52:12.947 [main] DEBUG io.netty.buffer.PooledByteBufAllocator - -Dio.netty.allocator.chunkSize: 4194304
17:52:12.947 [main] DEBUG io.netty.buffer.PooledByteBufAllocator - -Dio.netty.allocator.smallCacheSize: 256
17:52:12.947 [main] DEBUG io.netty.buffer.PooledByteBufAllocator - -Dio.netty.allocator.normalCacheSize: 64
17:52:12.947 [main] DEBUG io.netty.buffer.PooledByteBufAllocator - -Dio.netty.allocator.maxCachedBufferCapacity: 32768
17:52:12.947 [main] DEBUG io.netty.buffer.PooledByteBufAllocator - -Dio.netty.allocator.cacheTrimInterval: 8192
17:52:12.947 [main] DEBUG io.netty.buffer.PooledByteBufAllocator - -Dio.netty.allocator.cacheTrimIntervalMillis: 0
17:52:12.947 [main] DEBUG io.netty.buffer.PooledByteBufAllocator - -Dio.netty.allocator.useCacheForAllThreads: false
17:52:12.947 [main] DEBUG io.netty.buffer.PooledByteBufAllocator - -Dio.netty.allocator.maxCachedByteBuffersPerChunk: 1023
17:52:12.950 [main] DEBUG io.netty.buffer.ByteBufUtil - -Dio.netty.allocator.type: pooled
17:52:12.951 [main] DEBUG io.netty.buffer.ByteBufUtil - -Dio.netty.threadLocalDirectBufferSize: 0
17:52:12.951 [main] DEBUG io.netty.buffer.ByteBufUtil - -Dio.netty.maxThreadLocalCharBufferSize: 16384
17:52:12.956 [DefaultDispatcher-worker-1] INFO ktor.application - Responding at http://0.0.0.0:80
